<?xml version="1.0" encoding="UTF-8"?>
<!-- Generated by org.testng.reporters.JUnitReportReporter -->
<testsuite hostname="VictorVo" name="TestCases.ARTICLE.TanVo_Test" tests="1" failures="0" timestamp="1 Jul 2015 09:56:25 GMT" time="18.243" errors="0">
  <testcase name="TC_005" time="18.243" classname="TestCases.ARTICLE.TanVo_Test"/>
</testsuite> <!-- TestCases.ARTICLE.TanVo_Test -->
