<?xml version="1.0" encoding="UTF-8"?>
<!-- Generated by org.testng.reporters.JUnitReportReporter -->
<testsuite hostname="VictorVo" name="TestCases.CLIENTS.CLIENTS_TC001_to_TC006" tests="6" failures="0" timestamp="16 Jul 2015 16:41:40 GMT" time="18.133" errors="0">
  <testcase name="TC_CLIENTS_001" time="4.815" classname="TestCases.CLIENTS.CLIENTS_TC001_to_TC006"/>
  <testcase name="TC_CLIENTS_002" time="1.683" classname="TestCases.CLIENTS.CLIENTS_TC001_to_TC006"/>
  <testcase name="TC_CLIENTS_005" time="4.028" classname="TestCases.CLIENTS.CLIENTS_TC001_to_TC006"/>
  <testcase name="TC_CLIENTS_006" time="2.712" classname="TestCases.CLIENTS.CLIENTS_TC001_to_TC006"/>
  <testcase name="TC_CLIENTS_003" time="2.571" classname="TestCases.CLIENTS.CLIENTS_TC001_to_TC006"/>
  <testcase name="TC_CLIENTS_004" time="2.324" classname="TestCases.CLIENTS.CLIENTS_TC001_to_TC006"/>
</testsuite> <!-- TestCases.CLIENTS.CLIENTS_TC001_to_TC006 -->
