<?xml version="1.0" encoding="UTF-8"?>
<!-- Generated by org.testng.reporters.JUnitReportReporter -->
<testsuite hostname="LGDN14039-W732" name="TestCases.ARTICLE.TC_JOOMLA_ARTICLE_005" tests="1" failures="0" timestamp="8 Jul 2015 01:51:12 GMT" time="29.404" errors="0">
  <testcase name="TC_ARTICLE_005" time="29.404" classname="TestCases.ARTICLE.TC_JOOMLA_ARTICLE_005"/>
</testsuite> <!-- TestCases.ARTICLE.TC_JOOMLA_ARTICLE_005 -->
