<?xml version="1.0" encoding="UTF-8"?>
<!-- Generated by org.testng.reporters.JUnitReportReporter -->
<testsuite hostname="VictorVo" name="TestCases.CLIENTS.Client_test" tests="2" failures="0" timestamp="18 Jul 2015 13:24:53 GMT" time="11.605" errors="0">
  <testcase name="TC_CLIENTS_007" time="11.605" classname="TestCases.CLIENTS.Client_test"/>
  <testcase name="TC_CLIENTS_008" time="0.000" classname="TestCases.CLIENTS.Client_test"/>
</testsuite> <!-- TestCases.CLIENTS.Client_test -->
