<?xml version="1.0" encoding="UTF-8"?>
<!-- Generated by org.testng.reporters.JUnitReportReporter -->
<testsuite hostname="VictorVo" name="TestCases.ARTICLE.TC_JOOMLA_ARTICLE_004" tests="1" failures="0" timestamp="1 Jul 2015 09:48:52 GMT" time="26.434" errors="0">
  <testcase name="TC_004" time="26.434" classname="TestCases.ARTICLE.TC_JOOMLA_ARTICLE_004"/>
</testsuite> <!-- TestCases.ARTICLE.TC_JOOMLA_ARTICLE_004 -->
