<?xml version="1.0" encoding="UTF-8"?>
<!-- Generated by org.testng.reporters.JUnitReportReporter -->
<testsuite hostname="LGDN14039-W732" name="TestCases.ARTICLE.TC_JOOMLA_ARTICLE_009" tests="1" failures="0" timestamp="8 Jul 2015 01:51:12 GMT" time="26.310" errors="0">
  <testcase name="TC_ARTICLE_009" time="26.310" classname="TestCases.ARTICLE.TC_JOOMLA_ARTICLE_009"/>
</testsuite> <!-- TestCases.ARTICLE.TC_JOOMLA_ARTICLE_009 -->
