<?xml version="1.0" encoding="UTF-8"?>
<!-- Generated by org.testng.reporters.JUnitReportReporter -->
<testsuite hostname="VictorVo" name="TestCases.ARTICLE.TC_JOOMLA_ARTICLE_001" tests="1" failures="0" timestamp="1 Jul 2015 10:46:42 GMT" time="109.363" errors="0">
  <testcase name="TC_001" time="109.363" classname="TestCases.ARTICLE.TC_JOOMLA_ARTICLE_001"/>
</testsuite> <!-- TestCases.ARTICLE.TC_JOOMLA_ARTICLE_001 -->
