<?xml version="1.0" encoding="UTF-8"?>
<!-- Generated by org.testng.reporters.JUnitReportReporter -->
<testsuite hostname="VictorVo" name="TestCases.ARTICLE.TC_JOOMLA_ARTICLE_002" tests="1" failures="0" timestamp="1 Jul 2015 10:52:43 GMT" time="22.891" errors="0">
  <testcase name="TC_002" time="22.891" classname="TestCases.ARTICLE.TC_JOOMLA_ARTICLE_002"/>
</testsuite> <!-- TestCases.ARTICLE.TC_JOOMLA_ARTICLE_002 -->
